C =    5.000000000000000e-04
R1 =  1300
R2 =  5300
dc_vO =  14.24919877049902
ripple_env =    2.562497791976543e-01
average_env =  14.24919877049902
average_reg =  12.00000000000029
ripple_reg =    6.729518881602026e-02
hf =  2
chosen_values_TAB
R1 = 1.300000e+03 
R2 = 5.300000e+03 
C = 5.000000e-04 
chosen_values_END

envelope_TAB
enveloperipple = 2.562498e-01 
envelopeaverage = 1.424920e+01 
envelope_END

regulator_TAB
regulatorripple = 6.729519e-02 
regulatoraverage = 1.200000e+01 
regulator_END

