R1 =  1007.8
R2 =  2003.1
R3 =  3045.0
R4 =  4179.0
R5 =  3106.2
R6 =  2060.9
R7 =  1006.3
Va =  5.0486
Id =  0.0010250
Kb =  0.0070596
Kc =  8039.1
G1 =  0.00099225
G2 =  0.00049922
G3 =  0.00032840
G4 =  0.00023929
G5 =  0.00032194
G6 =  0.00048522
G7 =  0.00099369
A =

      0.00000      0.00000      0.00000      1.00000
   8231.81374  -3045.03556  -4178.96607      0.00000
  -4178.96607      0.00000   -792.92571      0.00000
    -21.49668     20.49668      0.00000      0.00000

B =

   0.00103
  -5.04864
   0.00000
   0.00000

C =

  -0.00018655
  -0.00019566
   0.00098320
   0.00102503

IA = -0.00018655
IB = -0.00019566
IC =  0.00098320
ID =  0.0010250
D =

   1.00000   0.00000   0.00000   0.00000   0.00000   0.00000   0.00000
  -0.00099   0.00182  -0.00050  -0.00033   0.00000   0.00000   0.00000
   0.00000   0.00756  -0.00050  -0.00706   0.00000   0.00000   0.00000
   0.00000   0.00706   0.00000  -0.00738   0.00032   0.00000   0.00000
   0.00000   0.00000   0.00000   0.00000   0.00000   0.00148  -0.00099
   0.00000  -0.00033   0.00000   0.00089  -0.00032  -0.00099   0.00099
   0.00000   0.00000   0.00000   1.00000   0.00000   3.90079  -1.00000

E =

   5.04864
   0.00000
   0.00000
   0.00103
   0.00000
  -0.00103
   0.00000

F =

   5.0486
   4.8606
   4.4687
   4.8883
   8.6800
  -2.0263
  -3.0157

V1 =  5.0486
V2 =  4.8606
V3 =  4.4687
V4 =  4.8883
V5 =  8.6800
V6 = -2.0263
V7 = -3.0157
fid =  19
ans = 0
fid =  19
ans = 0
