R1 =  1007.8
R2 =  2003.1
R3 =  3045.0
R4 =  4179.0
R5 =  3106.2
R6 =  2060.9
R7 =  1006.3
Va =  5.0486
Id =  0.0010250
Kb =  0.0070596
Kc =  8039.1
G1 =    9.9225e-04
G2 =    4.9922e-04
G3 =    3.2840e-04
G4 =    2.3929e-04
G5 =    3.2194e-04
G6 =    4.8522e-04
G7 =    9.9369e-04
A =

   0.0000e+00   0.0000e+00   0.0000e+00   1.0000e+00
   8.2318e+03  -3.0450e+03  -4.1790e+03   0.0000e+00
  -4.1790e+03   0.0000e+00  -7.9293e+02   0.0000e+00
  -2.1497e+01   2.0497e+01   0.0000e+00   0.0000e+00

B =

   0.00103
  -5.04864
   0.00000
   0.00000

C =

  -1.8655e-04
  -1.9566e-04
   9.8320e-04
   1.0250e-03

IA =   -1.8655e-04
IB =   -1.9566e-04
IC =    9.8320e-04
ID =  0.0010250
D =

   1.00000   0.00000   0.00000   0.00000   0.00000   0.00000   0.00000
  -0.00099   0.00182  -0.00050  -0.00033   0.00000   0.00000   0.00000
   0.00000   0.00756  -0.00050  -0.00706   0.00000   0.00000   0.00000
   0.00000   0.00706   0.00000  -0.00738   0.00032   0.00000   0.00000
   0.00000   0.00000   0.00000   0.00000   0.00000   0.00148  -0.00099
   0.00000  -0.00033   0.00000   0.00089  -0.00032  -0.00099   0.00099
   0.00000   0.00000   0.00000   1.00000   0.00000   3.90079  -1.00000

E =

   5.04864
   0.00000
   0.00000
   0.00103
   0.00000
  -0.00103
   0.00000

F =

   5.0486
   4.8606
   4.4687
   4.8883
   8.6800
  -2.0263
  -3.0157

V1 =  5.0486
V2 =  4.8606
V3 =  4.4687
V4 =  4.8883
V5 =  8.6800
V6 = -2.0263
V7 = -3.0157
fid =  11
ans = 0
fid =  11
ans = 0
